npm error code ERESOLVE
npm error ERESOLVE unable to resolve dependency tree
npm error
npm error While resolving: react-ui-library@0.1.0
npm error Found: storybook@7.6.20
npm error node_modules/storybook
npm error   dev storybook@"7.6.20" from the root project
npm error
npm error Could not resolve dependency:
npm error peer storybook@"^10.0.1" from eslint-plugin-storybook@10.0.1
npm error node_modules/eslint-plugin-storybook
npm error   dev eslint-plugin-storybook@"*" from the root project
npm error
npm error Fix the upstream dependency conflict, or retry
npm error this command with --force or --legacy-peer-deps
npm error to accept an incorrect (and potentially broken) dependency resolution.
npm error
npm error
npm error For a full report see:
npm error C:\Users\20443\AppData\Local\npm-cache\_logs\2025-10-30T14_24_56_778Z-eresolve-report.txt
npm error A complete log of this run can be found in: C:\Users\20443\AppData\Local\npm-cache\_logs\2025-10-30T14_24_56_778Z-debug-0.log
